2006.02.21 11:53 B d:\qb\zeeblo\qb\inc\content-about.inc --> ftp.akshay.zeeblo.com /public_html/qb/inc content-about.inc
2006.02.21 11:53 B d:\qb\zeeblo\qb\inc\content-blog-options.inc --> ftp.akshay.zeeblo.com /public_html/qb/inc content-blog-options.inc
2006.02.21 11:53 B d:\qb\zeeblo\qb\inc\content-comment.inc --> ftp.akshay.zeeblo.com /public_html/qb/inc content-comment.inc
2006.02.21 11:53 B d:\qb\zeeblo\qb\inc\content-create-blog.inc --> ftp.akshay.zeeblo.com /public_html/qb/inc content-create-blog.inc
2006.02.21 11:53 B d:\qb\zeeblo\qb\inc\content-features-old.inc --> ftp.akshay.zeeblo.com /public_html/qb/inc content-features-old.inc
2006.02.21 11:53 B d:\qb\zeeblo\qb\inc\content-features.inc --> ftp.akshay.zeeblo.com /public_html/qb/inc content-features.inc
2006.02.21 11:53 B d:\qb\zeeblo\qb\inc\content-footer.inc --> ftp.akshay.zeeblo.com /public_html/qb/inc content-footer.inc
2006.02.21 11:54 B d:\qb\zeeblo\qb\inc\content-help.inc --> ftp.akshay.zeeblo.com /public_html/qb/inc content-help.inc
2006.02.21 11:54 B d:\qb\zeeblo\qb\inc\content-home-user.inc --> ftp.akshay.zeeblo.com /public_html/qb/inc content-home-user.inc
2006.02.21 11:54 B d:\qb\zeeblo\qb\inc\content-index.inc --> ftp.akshay.zeeblo.com /public_html/qb/inc content-index.inc
2006.02.21 11:54 B d:\qb\zeeblo\qb\inc\content-login.inc --> ftp.akshay.zeeblo.com /public_html/qb/inc content-login.inc
2006.02.21 11:54 B d:\qb\zeeblo\qb\inc\content-post-create.inc --> ftp.akshay.zeeblo.com /public_html/qb/inc content-post-create.inc
2006.02.21 11:54 B d:\qb\zeeblo\qb\inc\content-post-edit-1.inc --> ftp.akshay.zeeblo.com /public_html/qb/inc content-post-edit-1.inc
2006.02.21 11:54 B d:\qb\zeeblo\qb\inc\content-post-edit-2.inc --> ftp.akshay.zeeblo.com /public_html/qb/inc content-post-edit-2.inc
2006.02.21 11:54 B d:\qb\zeeblo\qb\inc\content-posts.inc --> ftp.akshay.zeeblo.com /public_html/qb/inc content-posts.inc
2006.02.21 11:54 B d:\qb\zeeblo\qb\inc\content-signup.inc --> ftp.akshay.zeeblo.com /public_html/qb/inc content-signup.inc
2006.02.21 11:54 B d:\qb\zeeblo\qb\inc\content-status.inc --> ftp.akshay.zeeblo.com /public_html/qb/inc content-status.inc
2006.02.21 11:54 B d:\qb\zeeblo\qb\inc\content-template-choose.inc --> ftp.akshay.zeeblo.com /public_html/qb/inc content-template-choose.inc
2006.02.21 11:54 B d:\qb\zeeblo\qb\inc\content-template-edit.inc --> ftp.akshay.zeeblo.com /public_html/qb/inc content-template-edit.inc
2006.02.21 11:54 B d:\qb\zeeblo\qb\inc\grey-footer.inc --> ftp.akshay.zeeblo.com /public_html/qb/inc grey-footer.inc
2006.02.21 11:54 B d:\qb\zeeblo\qb\inc\grey-header.inc --> ftp.akshay.zeeblo.com /public_html/qb/inc grey-header.inc
2006.02.21 11:54 B d:\qb\zeeblo\qb\inc\header-meta.inc --> ftp.akshay.zeeblo.com /public_html/qb/inc header-meta.inc
2006.02.21 11:54 B d:\qb\zeeblo\qb\inc\menu-blog-options-owner.inc --> ftp.akshay.zeeblo.com /public_html/qb/inc menu-blog-options-owner.inc
2006.02.21 11:54 B d:\qb\zeeblo\qb\inc\menu-post-create-mod.inc --> ftp.akshay.zeeblo.com /public_html/qb/inc menu-post-create-mod.inc
2006.02.21 11:54 B d:\qb\zeeblo\qb\inc\menu-post-create-owner.inc --> ftp.akshay.zeeblo.com /public_html/qb/inc menu-post-create-owner.inc
2006.02.21 11:54 B d:\qb\zeeblo\qb\inc\menu-post-edit-mod.inc --> ftp.akshay.zeeblo.com /public_html/qb/inc menu-post-edit-mod.inc
2006.02.21 11:54 B d:\qb\zeeblo\qb\inc\menu-post-edit-owner.inc --> ftp.akshay.zeeblo.com /public_html/qb/inc menu-post-edit-owner.inc
2006.02.21 11:54 B d:\qb\zeeblo\qb\inc\menu-posts-mod.inc --> ftp.akshay.zeeblo.com /public_html/qb/inc menu-posts-mod.inc
2006.02.21 11:54 B d:\qb\zeeblo\qb\inc\menu-posts-owner.inc --> ftp.akshay.zeeblo.com /public_html/qb/inc menu-posts-owner.inc
2006.02.21 11:54 B d:\qb\zeeblo\qb\inc\menu-template-choose-owner.inc --> ftp.akshay.zeeblo.com /public_html/qb/inc menu-template-choose-owner.inc
2006.02.21 11:54 B d:\qb\zeeblo\qb\inc\menu-template-owner.inc --> ftp.akshay.zeeblo.com /public_html/qb/inc menu-template-owner.inc
2006.02.21 11:54 B d:\qb\zeeblo\qb\inc\qb-dynamic-header.inc --> ftp.akshay.zeeblo.com /public_html/qb/inc qb-dynamic-header.inc
2006.02.21 11:54 B d:\qb\zeeblo\qb\inc\qb-static-footer.inc --> ftp.akshay.zeeblo.com /public_html/qb/inc qb-static-footer.inc
2006.02.21 11:54 B d:\qb\zeeblo\qb\inc\qb-static-header.inc --> ftp.akshay.zeeblo.com /public_html/qb/inc qb-static-header.inc
